<?xml version="1.0" encoding="UTF-8" ?>
<testsuites>
  <testsuite errors="0" failures="0" hostname="FQ-201002081045" id="0" name="CommentTest" package="blog.models" tests="1" time="3.953" timestamp="2010-06-29T07:39:36">
      <properties>
[...]
</properties>

      <testcase classname="blog.models.CommentTest" name="testDummy" time="3.75" />

      <system-out><![CDATA[Initializing SCOOTER APP application ... 
           context name: blog
              root path: E:\scooter-project\blog
 property.file.location: E:\scooter-project\blog\config
10/06/29 15:39:36,765  INFO AutoLoaderConfig - output class location: E:\scooter-project\blog\webapps\blog\WEB-INF\classes
10/06/29 15:39:36,765  INFO AutoLoaderConfig - references location: E:\scooter-project\blog\references
10/06/29 15:39:36,781  INFO AutoLoaderConfig - class path: E:\scooter-project\blog\webapps\blog\WEB-INF\classes;E:\scooter-project\blog\webapps\blog\WEB-INF\lib\c3p0-0.9.1.2.jar;E:\scooter-project\blog\webapps\blog\WEB-INF\lib\c3p0-oracle-thin-extras-0.9.1.2.jar;E:\scooter-project\blog\webapps\blog\WEB-INF\lib\log4j-1.2.15.jar;E:\scooter-project\blog\webapps\blog\WEB-INF\lib\markdownj-1.0.2b4-0.3.0.jar;E:\scooter-project\blog\webapps\blog\WEB-INF\lib\mysql.jar;E:\scooter-project\blog\webapps\blog\WEB-INF\lib\scooter.jar;E:\scooter-project\blog\webapps\blog\WEB-INF\lib\sitemesh-2.3.jar;E:\scooter-project\blog\references\j2ee\jta.jar;E:\scooter-project\blog\references\j2ee\servlet-api.jar;E:\scooter-project\blog\references\junit\junit-3.8.2.jar;
10/06/29 15:39:36,781  INFO AutoLoaderConfig - source file location: E:\scooter-project\blog\src
10/06/29 15:39:36,781  INFO AutoLoaderConfig - compiler forbidden files: [java., com.sun., org.apache., com.scooterframework., javax.]
]]></system-out>

      <system-err><![CDATA[log4j:WARN No appenders could be found for logger (com.mchange.v2.log.MLog).
log4j:WARN Please initialize the log4j system properly.
]]></system-err>

  </testsuite>
  <testsuite errors="1" failures="0" hostname="FQ-201002081045" id="1" name="EntryTest" package="blog.models" tests="1" time="0.797" timestamp="2010-06-29T07:39:40">
      <properties>
[...]
</properties>

      <testcase classname="blog.models.EntryTest" name="testDummy" time="0.734">
          <error message="Failed to instantiate class &quot;blog.models.Entry&quot;. Details: com.scooterframework.orm.sqldataexpress.exception.LookupFailureException: Failed to get meta data info for table ENTRIES, because com.mysql.jdbc.exceptions.MySQLSyntaxErrorException: Table &apos;blog_development.entries&apos; doesn&apos;t exist.." type="com.scooterframework.common.exception.ObjectCreationException">com.scooterframework.common.exception.ObjectCreationException: Failed to instantiate class &quot;blog.models.Entry&quot;.
Details: com.scooterframework.orm.sqldataexpress.exception.LookupFailureException: Failed to get meta data info for table ENTRIES, because com.mysql.jdbc.exceptions.MySQLSyntaxErrorException: Table &apos;blog_development.entries&apos; doesn&apos;t exist..
	at com.scooterframework.common.util.ObjectFactory.newInstance(ObjectFactory.java:53)
	at com.scooterframework.orm.activerecord.ActiveRecordUtil.getHomeInstance(ActiveRecordUtil.java:356)
	at com.scooterframework.orm.activerecord.ActiveRecordUtil.getHomeInstance(ActiveRecordUtil.java:370)
	at blog.models.EntryTest.setUp(EntryTest.java:17)
Caused by: com.scooterframework.orm.sqldataexpress.exception.LookupFailureException: Failed to get meta data info for table ENTRIES, because com.mysql.jdbc.exceptions.MySQLSyntaxErrorException: Table &apos;blog_development.entries&apos; doesn&apos;t exist.
	at com.scooterframework.orm.sqldataexpress.util.SqlExpressUtil.lookupAndRegisterTable(SqlExpressUtil.java:726)
	at com.scooterframework.orm.activerecord.ActiveRecord.lookupAndRegister(ActiveRecord.java:2742)
	at com.scooterframework.orm.activerecord.ActiveRecord.initialize(ActiveRecord.java:2647)
	at com.scooterframework.orm.activerecord.ActiveRecord.&lt;init&gt;(ActiveRecord.java:96)
	at blog.models.Entry.&lt;init&gt;(Entry.java:8)
	at java.lang.reflect.Constructor.newInstance(Constructor.java:513)
	at java.lang.Class.newInstance0(Class.java:355)
	at java.lang.Class.newInstance(Class.java:308)
	at com.scooterframework.common.util.ObjectFactory.newInstance(ObjectFactory.java:51)
</error>

      </testcase>

      <system-out><![CDATA[Initializing SCOOTER APP application ... 
           context name: blog
              root path: E:\scooter-project\blog
 property.file.location: E:\scooter-project\blog\config
10/06/29 15:39:40,843  INFO AutoLoaderConfig - output class location: E:\scooter-project\blog\webapps\blog\WEB-INF\classes
10/06/29 15:39:40,843  INFO AutoLoaderConfig - references location: E:\scooter-project\blog\references
10/06/29 15:39:40,843  INFO AutoLoaderConfig - class path: E:\scooter-project\blog\webapps\blog\WEB-INF\classes;E:\scooter-project\blog\webapps\blog\WEB-INF\lib\c3p0-0.9.1.2.jar;E:\scooter-project\blog\webapps\blog\WEB-INF\lib\c3p0-oracle-thin-extras-0.9.1.2.jar;E:\scooter-project\blog\webapps\blog\WEB-INF\lib\log4j-1.2.15.jar;E:\scooter-project\blog\webapps\blog\WEB-INF\lib\markdownj-1.0.2b4-0.3.0.jar;E:\scooter-project\blog\webapps\blog\WEB-INF\lib\mysql.jar;E:\scooter-project\blog\webapps\blog\WEB-INF\lib\scooter.jar;E:\scooter-project\blog\webapps\blog\WEB-INF\lib\sitemesh-2.3.jar;E:\scooter-project\blog\references\j2ee\jta.jar;E:\scooter-project\blog\references\j2ee\servlet-api.jar;E:\scooter-project\blog\references\junit\junit-3.8.2.jar;
10/06/29 15:39:40,843  INFO AutoLoaderConfig - source file location: E:\scooter-project\blog\src
10/06/29 15:39:40,843  INFO AutoLoaderConfig - compiler forbidden files: [java., com.sun., org.apache., com.scooterframework., javax.]
10/06/29 15:39:41,468 ERROR SqlExpressUtil - Exception in lookupTableInfo: catalog=blog_development, schema=blog_development, table=ENTRIES, because com.mysql.jdbc.exceptions.MySQLSyntaxErrorException: Table 'blog_development.entries' doesn't exist
]]></system-out>

      <system-err><![CDATA[log4j:WARN No appenders could be found for logger (com.mchange.v2.log.MLog).
log4j:WARN Please initialize the log4j system properly.
com.mysql.jdbc.exceptions.MySQLSyntaxErrorException: Table 'blog_development.entries' doesn't exist
	at com.mysql.jdbc.SQLError.createSQLException(SQLError.java:936)
	at com.mysql.jdbc.MysqlIO.checkErrorPacket(MysqlIO.java:2985)
	at com.mysql.jdbc.MysqlIO.sendCommand(MysqlIO.java:1631)
	at com.mysql.jdbc.MysqlIO.sqlQueryDirect(MysqlIO.java:1723)
	at com.mysql.jdbc.Connection.execSQL(Connection.java:3277)
	at com.mysql.jdbc.Connection.execSQL(Connection.java:3206)
	at com.mysql.jdbc.Statement.executeQuery(Statement.java:1232)
	at com.mchange.v2.c3p0.impl.NewProxyStatement.executeQuery(NewProxyStatement.java:35)
	at com.scooterframework.orm.sqldataexpress.util.SqlExpressUtil.lookupTable(SqlExpressUtil.java:832)
	at com.scooterframework.orm.sqldataexpress.util.SqlExpressUtil.lookupTableInfo(SqlExpressUtil.java:753)
	at com.scooterframework.orm.sqldataexpress.util.SqlExpressUtil.lookupAndRegisterTable(SqlExpressUtil.java:715)
	at com.scooterframework.orm.activerecord.ActiveRecord.lookupAndRegister(ActiveRecord.java:2742)
	at com.scooterframework.orm.activerecord.ActiveRecord.initialize(ActiveRecord.java:2647)
	at com.scooterframework.orm.activerecord.ActiveRecord.<init>(ActiveRecord.java:96)
	at blog.models.Entry.<init>(Entry.java:8)
	at sun.reflect.NativeConstructorAccessorImpl.newInstance0(Native Method)
	at sun.reflect.NativeConstructorAccessorImpl.newInstance(NativeConstructorAccessorImpl.java:39)
	at sun.reflect.DelegatingConstructorAccessorImpl.newInstance(DelegatingConstructorAccessorImpl.java:27)
	at java.lang.reflect.Constructor.newInstance(Constructor.java:513)
	at java.lang.Class.newInstance0(Class.java:355)
	at java.lang.Class.newInstance(Class.java:308)
	at com.scooterframework.common.util.ObjectFactory.newInstance(ObjectFactory.java:51)
	at com.scooterframework.orm.activerecord.ActiveRecordUtil.getHomeInstance(ActiveRecordUtil.java:356)
	at com.scooterframework.orm.activerecord.ActiveRecordUtil.getHomeInstance(ActiveRecordUtil.java:370)
	at blog.models.EntryTest.setUp(EntryTest.java:17)
	at junit.framework.TestCase.runBare(TestCase.java:128)
	at junit.framework.TestResult$1.protect(TestResult.java:106)
	at junit.framework.TestResult.runProtected(TestResult.java:124)
	at junit.framework.TestResult.run(TestResult.java:109)
	at junit.framework.TestCase.run(TestCase.java:120)
	at junit.framework.TestSuite.runTest(TestSuite.java:230)
	at junit.framework.TestSuite.run(TestSuite.java:225)
	at org.apache.tools.ant.taskdefs.optional.junit.JUnitTestRunner.run(JUnitTestRunner.java:420)
	at org.apache.tools.ant.taskdefs.optional.junit.JUnitTestRunner.launch(JUnitTestRunner.java:911)
	at org.apache.tools.ant.taskdefs.optional.junit.JUnitTestRunner.main(JUnitTestRunner.java:768)
]]></system-err>

  </testsuite>
  <testsuite errors="0" failures="0" hostname="FQ-201002081045" id="2" name="PostTest" package="blog.models" tests="1" time="0.813" timestamp="2010-06-29T07:39:41">
      <properties>
[...]
</properties>

      <testcase classname="blog.models.PostTest" name="testDummy" time="0.75" />

      <system-out><![CDATA[Initializing SCOOTER APP application ... 
           context name: blog
              root path: E:\scooter-project\blog
 property.file.location: E:\scooter-project\blog\config
10/06/29 15:39:41,953  INFO AutoLoaderConfig - output class location: E:\scooter-project\blog\webapps\blog\WEB-INF\classes
10/06/29 15:39:41,953  INFO AutoLoaderConfig - references location: E:\scooter-project\blog\references
10/06/29 15:39:41,953  INFO AutoLoaderConfig - class path: E:\scooter-project\blog\webapps\blog\WEB-INF\classes;E:\scooter-project\blog\webapps\blog\WEB-INF\lib\c3p0-0.9.1.2.jar;E:\scooter-project\blog\webapps\blog\WEB-INF\lib\c3p0-oracle-thin-extras-0.9.1.2.jar;E:\scooter-project\blog\webapps\blog\WEB-INF\lib\log4j-1.2.15.jar;E:\scooter-project\blog\webapps\blog\WEB-INF\lib\markdownj-1.0.2b4-0.3.0.jar;E:\scooter-project\blog\webapps\blog\WEB-INF\lib\mysql.jar;E:\scooter-project\blog\webapps\blog\WEB-INF\lib\scooter.jar;E:\scooter-project\blog\webapps\blog\WEB-INF\lib\sitemesh-2.3.jar;E:\scooter-project\blog\references\j2ee\jta.jar;E:\scooter-project\blog\references\j2ee\servlet-api.jar;E:\scooter-project\blog\references\junit\junit-3.8.2.jar;
10/06/29 15:39:41,953  INFO AutoLoaderConfig - source file location: E:\scooter-project\blog\src
10/06/29 15:39:41,953  INFO AutoLoaderConfig - compiler forbidden files: [java., com.sun., org.apache., com.scooterframework., javax.]
]]></system-out>

      <system-err><![CDATA[log4j:WARN No appenders could be found for logger (com.mchange.v2.log.MLog).
log4j:WARN Please initialize the log4j system properly.
]]></system-err>

  </testsuite>
</testsuites>
