<?xml version="1.0" encoding="UTF-8" ?>
<testsuite errors="0" failures="0" hostname="FQ-201002081045" name="blog.models.CommentTest" tests="1" time="3.953" timestamp="2010-06-29T07:39:36">
  <properties>
[...]
</properties>
  <testcase classname="blog.models.CommentTest" name="testDummy" time="3.75" />
  <system-out><![CDATA[Initializing SCOOTER APP application ... 
           context name: blog
              root path: E:\scooter-project\blog
 property.file.location: E:\scooter-project\blog\config
10/06/29 15:39:36,765  INFO AutoLoaderConfig - output class location: E:\scooter-project\blog\webapps\blog\WEB-INF\classes
10/06/29 15:39:36,765  INFO AutoLoaderConfig - references location: E:\scooter-project\blog\references
10/06/29 15:39:36,781  INFO AutoLoaderConfig - class path: E:\scooter-project\blog\webapps\blog\WEB-INF\classes;E:\scooter-project\blog\webapps\blog\WEB-INF\lib\c3p0-0.9.1.2.jar;E:\scooter-project\blog\webapps\blog\WEB-INF\lib\c3p0-oracle-thin-extras-0.9.1.2.jar;E:\scooter-project\blog\webapps\blog\WEB-INF\lib\log4j-1.2.15.jar;E:\scooter-project\blog\webapps\blog\WEB-INF\lib\markdownj-1.0.2b4-0.3.0.jar;E:\scooter-project\blog\webapps\blog\WEB-INF\lib\mysql.jar;E:\scooter-project\blog\webapps\blog\WEB-INF\lib\scooter.jar;E:\scooter-project\blog\webapps\blog\WEB-INF\lib\sitemesh-2.3.jar;E:\scooter-project\blog\references\j2ee\jta.jar;E:\scooter-project\blog\references\j2ee\servlet-api.jar;E:\scooter-project\blog\references\junit\junit-3.8.2.jar;
10/06/29 15:39:36,781  INFO AutoLoaderConfig - source file location: E:\scooter-project\blog\src
10/06/29 15:39:36,781  INFO AutoLoaderConfig - compiler forbidden files: [java., com.sun., org.apache., com.scooterframework., javax.]
]]></system-out>
  <system-err><![CDATA[log4j:WARN No appenders could be found for logger (com.mchange.v2.log.MLog).
log4j:WARN Please initialize the log4j system properly.
]]></system-err>
</testsuite>
